have_library: checking for main() in -lGL... -------------------- no

<<<<<<< HEAD
"gcc -o conftest -I/usr/local/include/ruby-1.9.1/x86_64-linux -I/usr/local/include/ruby-1.9.1/ruby/backward -I/usr/local/include/ruby-1.9.1 -I. -I/home/people/tacyas/Eos/include     -O3 -ggdb -Wall -Wextra -Wno-unused-parameter -Wno-parentheses -Wno-long-long -Wno-missing-field-initializers -Wpointer-arith -Wwrite-strings -Wdeclaration-after-statement -Wimplicit-function-declaration conftest.c  -L. -L/usr/local/lib -Wl,-R/usr/local/lib -L/usr/lib -Wl,-R/usr/lib -L/home/people/tacyas/Eos/lib/X86LINUX64 -Wl,-R/home/people/tacyas/Eos/lib/X86LINUX64 -L/home/people/tacyas/Eos/util/X86LINUX64/lib -Wl,-R/home/people/tacyas/Eos/util/X86LINUX64/lib -L.  -rdynamic -Wl,-export-dynamic     -Wl,-R -Wl,/usr/local/lib -L/usr/local/lib -lruby-static  -lpthread -lrt -ldl -lcrypt -lm   -lc"
/usr/local/lib/ruby/1.9.1/mkmf.rb:317: warning: Insecure world writable dir /net/fs08/workFS08 in PATH, mode 040777
=======
"xcrun cc -o conftest -I. -I/System/Library/Frameworks/Ruby.framework/Versions/1.8/usr/lib/ruby/1.8/universal-darwin12.0 -I. -I/Applications/Eos.app/Eos/include  -D_XOPEN_SOURCE -D_DARWIN_C_SOURCE   -arch i386 -arch x86_64 -g -Os -pipe -fno-common -DENABLE_DTRACE  -fno-common  -pipe -fno-common   conftest.c  -L. -L/System/Library/Frameworks/Ruby.framework/Versions/1.8/usr/lib -L/usr/lib -L/Applications/Eos.app/Eos/lib/X86MAC64 -L/Applications/Eos.app/Eos/util/X86MAC64/lib -L. -arch i386 -arch x86_64      -lruby -lGL  -lpthread -ldl -lobjc  "
dyld: Symbol not found: __cg_TIFFClientOpen
  Referenced from: /System/Library/Frameworks/ImageIO.framework/Versions/A/ImageIO
  Expected in: /Applications/Eos.app/Eos/util/X86MAC64/lib/libTIFF.dylib
 in /System/Library/Frameworks/ImageIO.framework/Versions/A/ImageIO
xcrun: error: unable to locate xcodebuild, please make sure the path to the Xcode folder is set correctly!
xcrun: error: You can set the path to the Xcode folder using /usr/bin/xcode-select -switch
>>>>>>> FETCH_HEAD
checked program was:
/* begin */
1: #include "ruby.h"
2: 
3: int main() {return 0;}
/* end */

<<<<<<< HEAD
"gcc -o conftest -I/usr/local/include/ruby-1.9.1/x86_64-linux -I/usr/local/include/ruby-1.9.1/ruby/backward -I/usr/local/include/ruby-1.9.1 -I. -I/home/people/tacyas/Eos/include     -O3 -ggdb -Wall -Wextra -Wno-unused-parameter -Wno-parentheses -Wno-long-long -Wno-missing-field-initializers -Wpointer-arith -Wwrite-strings -Wdeclaration-after-statement -Wimplicit-function-declaration conftest.c  -L. -L/usr/local/lib -Wl,-R/usr/local/lib -L/usr/lib -Wl,-R/usr/lib -L/home/people/tacyas/Eos/lib/X86LINUX64 -Wl,-R/home/people/tacyas/Eos/lib/X86LINUX64 -L/home/people/tacyas/Eos/util/X86LINUX64/lib -Wl,-R/home/people/tacyas/Eos/util/X86LINUX64/lib -L.  -rdynamic -Wl,-export-dynamic     -Wl,-R -Wl,/usr/local/lib -L/usr/local/lib -lruby-static -lGL  -lpthread -lrt -ldl -lcrypt -lm   -lc"
/usr/bin/ld: cannot find -lGL
collect2: ld はステータス 1 で終了しました
=======
"xcrun cc -o conftest -I. -I/System/Library/Frameworks/Ruby.framework/Versions/1.8/usr/lib/ruby/1.8/universal-darwin12.0 -I. -I/Applications/Eos.app/Eos/include  -D_XOPEN_SOURCE -D_DARWIN_C_SOURCE   -arch i386 -arch x86_64 -g -Os -pipe -fno-common -DENABLE_DTRACE  -fno-common  -pipe -fno-common   conftest.c  -L. -L/System/Library/Frameworks/Ruby.framework/Versions/1.8/usr/lib -L/usr/lib -L/Applications/Eos.app/Eos/lib/X86MAC64 -L/Applications/Eos.app/Eos/util/X86MAC64/lib -L. -arch i386 -arch x86_64      -lruby -lGL  -lpthread -ldl -lobjc  "
dyld: Symbol not found: __cg_TIFFClientOpen
  Referenced from: /System/Library/Frameworks/ImageIO.framework/Versions/A/ImageIO
  Expected in: /Applications/Eos.app/Eos/util/X86MAC64/lib/libTIFF.dylib
 in /System/Library/Frameworks/ImageIO.framework/Versions/A/ImageIO
xcrun: error: unable to locate xcodebuild, please make sure the path to the Xcode folder is set correctly!
xcrun: error: You can set the path to the Xcode folder using /usr/bin/xcode-select -switch
>>>>>>> FETCH_HEAD
checked program was:
/* begin */
1: #include "ruby.h"
2: 
3: /*top*/
4: int main() {return 0;}
5: int t() { void ((*volatile p)()); p = (void ((*)()))main; return 0; }
/* end */

"gcc -o conftest -I/usr/local/include/ruby-1.9.1/x86_64-linux -I/usr/local/include/ruby-1.9.1/ruby/backward -I/usr/local/include/ruby-1.9.1 -I. -I/home/people/tacyas/Eos/include     -O3 -ggdb -Wall -Wextra -Wno-unused-parameter -Wno-parentheses -Wno-long-long -Wno-missing-field-initializers -Wpointer-arith -Wwrite-strings -Wdeclaration-after-statement -Wimplicit-function-declaration conftest.c  -L. -L/usr/local/lib -Wl,-R/usr/local/lib -L/usr/lib -Wl,-R/usr/lib -L/home/people/tacyas/Eos/lib/X86LINUX64 -Wl,-R/home/people/tacyas/Eos/lib/X86LINUX64 -L/home/people/tacyas/Eos/util/X86LINUX64/lib -Wl,-R/home/people/tacyas/Eos/util/X86LINUX64/lib -L.  -rdynamic -Wl,-export-dynamic     -Wl,-R -Wl,/usr/local/lib -L/usr/local/lib -lruby-static -lGL  -lpthread -lrt -ldl -lcrypt -lm   -lc"
/usr/bin/ld: cannot find -lGL
collect2: ld はステータス 1 で終了しました
checked program was:
/* begin */
1: #include "ruby.h"
2: 
3: /*top*/
4: int main() {return 0;}
5: int t() { main(); return 0; }
/* end */

--------------------

